[    0.000000] Initializing cgroup subsys cpuset
[    0.000000] Initializing cgrup subsys cpu
[    0.000000] Initializing cgroup subsys cpuacct
    0.000000] Liux version4.4.0-210-gneric (buildd@gw01-amd64-009)(gcc version5.4.0 20160609 (Ubuntu .4.0-6buntu1~1604.12) ) #242-Ubunu SMP Fri Ar 16 09:57:6 UTC 021 (Ubuntu 4.4.0-210.242generic 4..262)
[    0.00000] Comand line: BOT_IMAGE=/oot/vmliuz-4.4.0-210-generic root=LAEL=cloudimgrootfs ro cnsole=tty1 onsole=ttyS0
[    0.00000] KENEL supprted cus:
[    0.000000]   Itel Genuinentel
[    0.00000]   AMDAuthenticAM
[    0.00000]   Centaur CentaurHauls[    000000] x86/fpu Legacy x87FPU deected.
[    0.000000]820: BIOS-rovided physical RAM mp:
[    0.00000] BIOS-e20: [mem x0000000000000000-0x000000000009fbf] usable
    0.00000] BIOS-820: [mem 0x000000000009fc00-0x00000000009ffff]reserved[    0.000000] BIOS-e820: [mem 0x0000000000f000-0x00000000000ffff] reserved
[    0.000000] BIOS-e82: [mem 0x0000000000100000-0000000008feffff] usale
[    0.00000] BIOS-e820: [mem 0x0000000082f0000-0x000000082fffff] ACPI data
[    0.00000] BIOS-e820: [em 0x00000000fec00000-0x00000000fec00fff] reserved
[    0.000000] BIOS-e820: [mem 0x00000000fee00000-0x00000000fee00fff] reserved
[    0.000000] BIOS-e820: [mem 0x00000000fffc0000-0x00000000ffffffff] reserved
[    0.000000] NX (Execute Disable) protection: active
[    0.000000] SMBIOS 2.5 present.
[    0.000000] Hypervisor detected: KVM
[    0.000000] e820: last_pfn = 0x82ff0 max_arch_pfn = 0x400000000
[    0.000000] MTRR: Disabled
[    0.000000] x86/PAT: MTRRs disabled, skipping PAT initialization too.
[    0.000000] CPU MTRRs all blank - virtualized system.
[    0.000000] x86/PAT: Configuration [0-7]: WB  WT  UC- UC  WB  WT  UC- UC  
[    0.000000] found SMP MP-table at [mem 0x0009fff0-0x0009ffff] mapped at [ffff88000009fff0]
[    0.000000] Scanning 1 areas for low memory corruption
[    0.000000] RAMDISK: [mem 0x362dc000-0x37165fff]
[    0.000000] ACPI: Early table checksum verification disabled
[    0.000000] ACPI: RSDP 0x00000000000E0000 000024 (v02 VBOX  )
[    0.000000] ACPI: XSDT 0x0000000082FF0030 00003C (v01 VBOX   VBOXXSDT 00000001 ASL  00000061)
[    0.000000] ACPI: FACP 0x0000000082FF00F0 0000F4 (v04 VBOX   VBOXFACP 00000001 ASL  00000061)
[    0.000000] ACPI: DSDT 0x0000000082FF0470 0021FF (v02 VBOX   VBOXBIOS 00000002 INTL 20100528)
[    0.000000] ACPI: FACS 0x0000000082FF0200 000040
[    0.000000] ACPI: FACS 0x0000000082FF0200 000040
[    0.000000] ACPI: APIC 0x0000000082FF0240 00005C (v02 VBOX   VBOXAPIC 00000001 ASL  00000061)
[    0.000000] ACPI: SSDT 0x0000000082FF02A0 0001CC (v01 VBOX   VBOXCPUT 00000002 INTL 20100528)
[    0.000000] No NUMA configuration found
[    0.000000] Faking a node at [mem 0x0000000000000000-0x0000000082feffff]
[    0.000000] NODE_DATA(0) allocated [mem 0x82feb0000x82feffff]
[    0.00000] kvm-clock: Usingmsrs 4b56401 and4b564d00
[    0.00000] kv-clock cpu 0, msr 0:82fe3001, primary cpu clock
[    0.000000] vm-clock:using schedoffset of 436485347 cycle
[    0.00000] clocsource: kvm-clok: mask: 0xffffffffffffff max_cycle: 0x1c42e4dffb,max_idle_ns: 88190591483 ns[    0.000000 Zone ranges:[    0.00000]   DMA     [mem 0x00000000000100-0x0000000000fffff]
    0.00000]   DMA32    [mem 0x00000001000000-0x000000082effff]
[    0.000000]   Nrmal  empty
[    0.00000]   Deice   empt
[    0.00000] Movable zonestart for each nod
[    0.00000] Early emory node ranges
[    0.000000]   node   0: [mem 0x0000000000001000-0x000000000009efff]
[    0.000000]   node   0: [mem 0x0000000000100000-0x0000000082feffff]
[    0.000000] Initmem setup node 0 [mem 0x0000000000001000-0x0000000082feffff]
[    0.000000] ACPI: PM-Timer IO Port: 0x4008
[    0.000000] IOAPIC[0]: apic_id 2, version 32, address 0xfec00000, GSI 0-23
[    0.000000] ACPI: INT_SRC_OVR (bus 0 bus_irq 0 global_irq 2 dfl dfl)
[    0.000000] ACPI: INT_SRC_OVR (bus 0 bus_irq 9 global_irq 9 low level)
[    0.000000] Using ACPI (MADT) for SMP configuration information
[    0.000000] smpboot: Allowing 2 CPUs, 0 hotplug CPUs
[    0.000000] PM: Registered nosave memory: [mem 0x00000000-0x00000fff]
[    0.000000] PM: Registered nosave memory: [mem 0x0009f000-0x0009ffff]
[    0.000000] PM: Registered nosave memory: [mem 0x000a0000-0x000effff]
[    0.000000] PM: Registered nosave memory: [mem 0x000f0000-0x000fffff]
    0.00000] e820: [mem 0x8300000-0xfebffff] availabe for CI device
[    0.000000] Booing paravirtualizedkernel on VM
[    0.00000] clocksource: refine-jiffies: ask: 0xfffffff max_cycles: 0xffffffff, x_idl_ns: 7645519600211568 ns
[    0.00000] setup_percpu: NR_CPUS:512 nr_cpumask_bits:512 nr_cpu_ids:2 nr_node_ids:1
[    0.000000] PERCPU: Embedded 33 pages/cpu @fff880082c00000 s95192 r8192 d31784 u1048576
[    0.000000] Built 1 zonelists in Node order, mobility grouping on.  Total pages: 528056
[    0.000000] Policy zone: DMA32
[    0.000000] Kernel command line: BOOT_IMAGE=/boot/vmlinuz-4.4.0-210-generic root=LABEL=cloudimg-rootfs ro console=tty1 console=ttyS0
[    0.000000] PID hash table entries: 4096 (order: 3, 32768 bytes)
[    0.000000] Memory: 2077088K/2145848K available (8644K kernel code, 1332K rwdata, 4044K rodata, 1492K init, 1164K bss, 68760K reserved, 0K cma-reserved)
[    0.000000] SLUB: HWalign=64, Order=0-3, MinObjects=0, CPUs=2, Nodes=1
[    0.000000] Kernel/User page table isolation: enabled[    0.00000] Hierarchcal RCU implementation.
[    0.00000] 	Buid-time adjutment of eaf fanout to 64.
[    0.00000] 	RC restrictin CPUs from NR_CPUS512 tonr_cpuids=2.
[    0.00000] RCU: Adusting geometry for rcufanout_leaf=64, nr_cpu_ids=2
[    0.00000] NR_IRS:3302 nr_irqs:44016
[    0.000000] Consoe: colourVGA+ 80x2
[    0.000000] onsole [tty1] eabled
[    0.00000] consle [ttyS0] enabled
[    0000000] tsc: Detected 2808.714 MHz processor
[    2.84821] Calibratin delay oop (skipped) preset valuue.. 5617.42 BogoMIPS (lpj=11234856)
[    2.891574] pid_max: default: 32768 minimum: 301
[    2.911780] ACPI: Core revision 20150930
[    2.934907] ACPI: 2 ACPI AML tables successfully acquired and loaded
[    2.972578] Security Framework initialized
[    2.995571] Yama: becoming mindful.
[    3.006952] AppArmor: AppArmor initialized
[    3.038223] Dentry cache hash table entries: 524288 (order: 10, 4194304 bytes)
[    3.068099] Inode-cache hash table entries: 262144 (order: 9, 2097152 bytes)
[    3.076115] Mount-cache hash table entries: 8192 (order: 4, 65536 bytes)
[    3.080624] Mountpoint-cache hash table entries: 8192 (order: 4, 65536 bytes)
[    3.109794] Initializing cgroup subsys io
[    3.123799] Initializing cgroup subsys memory
[    3.136422] Initializing cgroup subsys devices
[    3.144659] Initializing cgroup subsys freezer
[    3.148681] Initializing cgroup subsys net_cls
[    3.167734] Initializing cgroup subsys perf_event
[    3.171961] Initializing cgroup subsys net_prio
[    3.196143] Initializing cgroup subsys hugetlb
[    3.234813] Initializing cgroup subsys pids
[    3.236234] mce: CPU supports 0 MCE banks
[    3.254745] Last level iTLB entries: 4KB 512, 2MB 7, 4MB 7
[    3.276065] Last level dTLB entries: 4KB 512, 2MB 32, 4MB 32, 1GB 0
[    3.283714] Spectre V1 : Mitigation: usercopy/swapgs barriers and __user pointer sanitization
[    3.296389] Spectre V2 : Mitigation: Full generic retpoline
[    3.309012] Spectre V2 : Spectre v2 / SpectreRSB mitigation: Filling RSB on context switch
[    3.317529] Speculative Store Bypass: Vulnerable
[    3.324296] MDS: Vulnerable: Clear CPU buffers attempted, no microcode
[    3.342812] Freeing SMP alternatives memory: 36K
[    3.370759] ftrace: allocating 32380 entries in 127 pages
[    3.439909] smpboot: APIC(0) Converting physical 0 to logical package 0
[    3.441411] smpboot: Max logical packages: 1
[    3.442712] x2apic enabled
[    3.443797] Switched APIC routing to physical x2apic.
[    3.449633] ..TIMER: vector=0x30 apic1=0 pin1=2 apic2=-1 pin2=-1
[    3.558994] smpboot: CPU0: Intel(R) Core(TM) i7 CPU         860  @ 2.80GHz (family: 0x6, model: 0x1e, stepping: 0x5)
[    3.595123] Performance Events: unsupported p6 CPU model 30 no PMU driver, software events only.
[    3.638489] KVM setup paravirtual spinlock
[    3.652509] x86: Booting SMP configuration:
[    3.691911] .... node  #0, CPUs:      #1
[    3.724567] kvm-clock: cpu 1, msr 0:82fe3041, secondary cpu clock
[    3.728153] mce: CPU supports 0 MCE banks
[    3.733046] x86: Booted up 1 node, 2 CPUs
[    3.763314] smpboot: Total of 2 processors activated (11234.85 BogoMIPS)
[    3.799842] devtmpfs: initialized
[    3.820738] evm: security.selinux
[    3.839202] evm: security.SMACK64
[    3.853158] evm: security.SMACK64EXEC
[    3.874372] evm: security.SMACK64TRANSMUTE
[    3.878446] evm: security.SMACK64MMAP
[    3.880963] evm: security.ima
[    3.892897] evm: security.capability
[    3.905198] clocksource: jiffies: mask: 0xffffffff max_cycles: 0xffffffff, max_idle_ns: 7645041785100000 ns
[    3.925126] futex hash table entries: 512 (order: 3, 32768 bytes)
[    3.947269] pinctrl core: initialized pinctrl subsystem
[    3.960607] RTC time: 12:14:01, date: 02/09/23
[    3.963765] NET: Registered protocol family 16
[    3.989308] cpuidle: using governor ladder
[    4.004940] cpuidle: using governor menu
[    4.027760] PCCT header not found.
[    4.036803] ACPI: bus type PCI registered
[    4.042696] acpiphp: ACPI Hot Plug PCI Controller Driver version: 0.5
[    4.064950] PCI: Using configuration type 1 for base access
[    4.112534] ACPI: Added _OSI(Module Device)
[    4.129238] ACPI: Added _OSI(Processor Device)
[    4.141634] ACPI: Added _OSI(3.0 _SCP Extensions)
[    4.151038] ACPI: Added _OSI(Processor Aggregator Device)
[    4.156532] ACPI: Executed 1 blocks of module-level executable AML code
[    4.187511] ACPI: Interpreter enabled
[    4.192790] ACPI: (supports S0 S5)
[    4.197057] ACPI: Using IOAPIC for interrupt routing
[    4.200566] PCI: Using host bridge windows from ACPI; if necessary, use "pci=nocrs" and report a bug
[    4.244139] ACPI: PCI Root Bridge [PCI0] (domain 0000 [bus 00-ff])
[    4.256330] acpi PNP0A03:00: _OSC: OS supports [ASPM ClockPM Segments MSI]
[    4.306334] acpi PNP0A03:00: _OSC: not requesting OS control; OS requires [ExtendedConfig ASPM ClockPM MSI]
[    4.367856] acpi PNP0A03:00: fail to add MMCONFIG information, can't access extended PCI configuration space under this bridge.
[    4.393807] PCI host bridge to bus 0000:00
[    4.399243] pci_bus 0000:00: root bus resource [io  0x0000-0x0cf7 window]
[    4.406769] pci_bus 0000:00: root bus resource [io  0x0d00-0xffff window]
[    4.412335] pci_bus 0000:00: root bus resource [mem 0x000a0000-0x000bffff window]
[    4.414022] pci_bus 0000:00: root bus resource [mem 0x83000000-0xfdffffff window]
[    4.415706] pci_bus 0000:00: root bus resource [bus 00-ff]
[    4.419058] pci 0000:00:01.1: legacy IDE quirk: reg 0x10: [io  0x01f0-0x01f7]
[    4.420498] pci 0000:00:01.1: legacy IDE quirk: reg 0x14: [io  0x03f6]
[    4.421922] pci 0000:00:01.1: legacy IDE quirk: reg 0x18: [io  0x0170-0x0177]
[    4.423334] pci 0000:00:01.1: legacy IDE quirk: reg 0x1c: [io  0x0376]
[    4.458214] pci 0000:00:07.0: quirk: [io  0x4000-0x403f] claimed by PIIX4 ACPI
[    4.461574] pci 0000:00:07.0: quirk: [io  0x4100-0x410f] claimed by PIIX4 SMB
[    4.487076] ACPI: PCI Interrupt Link [LNKA] (IRQs 5 9 10 *11)
[    4.496047] ACPI: PCI Interrupt Link [LNKB] (IRQs 5 9 *10 11)
[    4.520065] ACPI: PCI Interrupt Link [LNKC] (IRQs 5 *9 10 11)
[    4.551899] ACPI: PCI Interrupt Link [LNKD] (IRQs 5 9 10 *11)
[    4.574020] ACPI: Enabled 2 GPEs in block 00 to 07
[    4.592682] vgaarb: setting as boot device: PCI:0000:00:02.0
[    4.606563] vgaarb: device added: PCI:0000:00:02.0,decodes=io+mem,owns=io+mem,locks=none
[    4.639368] vgaarb: loaded
[    4.650790] vgaarb: bridge control possible 0000:00:02.0
[    4.657646] SCSI subsystem initialized
[    4.673790] ACPI: bus type USB registered
[    4.682850] usbcore: registered new interface driver usbfs
[    4.694753] usbcore: registered new interface driver hub
[    4.712030] usbcore: registered new device driver usb
[    4.726714] PCI: Using ACPI for IRQ routing
[    4.744924] NetLabel: Initializing
[    4.757200] NetLabel:  domain hash size = 128
[    4.768281] NetLabel:  protocols = UNLABELED CIPSOv4
[    4.788421] NetLabel:  unlabeled traffic allowed by default
[    4.795508] amd_nb: Cannot enumerate AMD northbridges
[    4.805176] clocksource: Switched to clocksource kvm-clock
[    4.854600] AppArmor: AppArmor Filesystem nabled
[    4.881107 pnp: PnP ACPI ini
[    4.92963] pnp: PnP ACPI found3 devies

[    .034653] clocksurce: api_pm: mask: 0xfffff max_cyles: 0xfffff, max_ide_ns: 2085701024 ns
[    5.217271] NET Registred proocol fmily 2

[    5.311691] TCP etablishd hash tabe entries:32768 (rder: 6, 262144 bytes)

[    5.430437] TCP bind hsh table enries: 32768 (order: 7, 524288 btes)
[    5.50152] TCP: ash tales configured (established 32768 bind 3276)
[    5.606009] UDP hash table entries: 2048 (order: 4, 65536 bytes)
[    5.626562 UDP-Litehash tble entries: 208 (order: 4, 6536 bytes)
    5.46309]NET: Registeredprotocol fmily 1
[    5862488] pci 0000:00:0.0: Liiting direc PCI/PCI ransfer
[    6.002452] ci 000:00:01.0: Activating SA DMA hangworkarounds
[    6.09632] Unpcking initramf...

[    6.423214] Freeing initrd memory: 14888K
[    6.424961] clocksource: tsc: mask: 0xffffffffffffffff max_cycles: 0x287c6876210, max_idle_ns: 440795206608 ns
[    6.427282] platform rtc_cmos: registered platform RTC device (no PNP device found)
[    6.446435] Scanning for low memory corruption every 60 seconds
[    6.448677] audit: initializing netlink subsys (disabled)
[    6.465297] audit: type=2000 audit(1675944845.686:1): initialized
[    6.479198] Initialise system trusted keyring
[    6.481010] HugeTLB registered 2 MB page size, pre-allocated 0 pages
[    6.484303] zbud: loaded
[    6.485717] VFS: Disk quotas dquot_6.6.0
[    6.495380] VFS: Dquot-cache hash table entries: 512 (order 0, 4096 bytes)
[    6.500601] squashfs: version 4.0 (2009/01/31) Phillip Lougher
[    6.516057] fuse init (API version 7.23)
[    6.526820] Key type big_key registered
[    6.527908] Allocating IMA MOK and blacklist keyrings.
[    6.530560] Key type asymmetric registered
[    6.537840] Asymmetric key parser 'x509' registered
[    6.544932] Block layer SCSI generic (bsg) driver version 0.4 loaded (major 249)
[    6.559573] io scheduler noop registered
[    6.564699] io scheduler deadline registered (default)
[    6.571051] io scheduler cfq registered
[    6.572055] pci_hotplug: PCI Hot Plug PCI Core version: 0.5
[    6.573262] pciehp: PCI Express Hot Plug Controller Driver version: 0.4
[    6.574844] ACPI: AC Adapter [AC] (on-line)
[    6.575866] input: Power Button as /devices/LNXSYSTM:00/LNXPWRBN:00/input/input0
[    6.577438] ACPI: Power Button [PWRF]
[    6.578622] input: Sleep Button as /devices/LNXSYSTM:00/LNXSLPBN:00/input/input1
[    6.580271] ACPI: Sleep Button [SLPF]
[    6.581441] GHES: HEST is not enabled!
[    6.588444] Serial: 8250/16550 driver, 32 ports, IRQ sharing enabled
[    6.625379] 00:02: ttyS0 at I/O 0x3f8 (irq = 4, base_baud = 115200) is a 16550A
[    6.634194] Linux agpgart interface v0.103
[    6.640158] loop: module loaded
[    6.642258] scsi host0: ata_piix
[    6.652944] scsi host1: ata_piix
[    6.653913] ata1: PATA max UDMA/33 cmd 0x1f0 ctl 0x3f6 bmdma 0xd000 irq 14
[    6.655480] ata2: PATA max UDMA/33 cmd 0x170 ctl 0x376 bmdma 0xd008 irq 15
[    6.659565] libphy: Fixed MDIO Bus: probed
[    6.663033] tun: Universal TUN/TAP device driver, 1.6
[    6.664262] tun: (C) 1999-2004 Max Krasnyansky <maxk@qualcomm.com>
[    6.668308] PPP generic driver version 2.4.2
[    6.669864] ehci_hcd: USB 2.0 'Enhanced' Host Controller (EHCI) Driver
[    6.678930] ehci-pci: EHCI PCI platform driver
[    6.686080] ehci-platform: EHCI generic platform driver
[    6.689492] ohci_hcd: USB 1.1 'Open' Host Controller (OHCI) Driver
[    6.690948] ohci-pci: OHCI PCI platform driver
[    6.692029] ohci-platform: OHCI generic platform driver
[    6.693218] uhci_hcd: USB Universal Host Controller Interface driver
[    6.694820] i8042: PNP: PS/2 Controller [PNP0303:PS2K,PNP0f03:PS2M] at 0x60,0x64 irq 1,12
[    6.697455] serio: i8042 KBD port at 0x60,0x64 irq 1
[    6.698623] serio: i8042 AUX port at 0x60,0x64 irq 12
[    6.708463] mousedev: PS/2 mouse device common for all mice
[    6.720116] rtc_cmos rtc_cmos: rtc core: registered rtc_cmos as rtc0
[    6.721716] input: AT Translated Set 2 keyboard as /devices/platform/i8042/serio0/input/input2
[    6.730141] rtc_cmos rtc_cmos: alarms up to one day, 114 bytes nvram
[    6.743596] i2cdev entries driver
[    6.816594]device-mapper:uevent: versio 1.0.3

[    6.888835] device-mapper: ioctl: 4.34.0-ioctl (2015-10-28) initialised: dm-devel@redhat.com
[    6.914675] ledtrig-cpu: registered to indicate activity on CPUs
[    6.918701] NET: Registered protocol family 10
[    6.941077] NET: Registered protocol family 17
[    6.942388] Key type dns_resolver registered
[    7.008961] registered taskstats version 1
[    7.021718] Loadig compiled-in X.509 cerificates
[   7.07909] Loade X.509 cer 'Build time autogeerated kenel key: c00e047681d67edb720680708b7d949808038'
[    7.28441] zswap:loaded usin pool lzo/zbud
[    7.380116] Key type trusted registered
[    7.410957] Key type encrypted registered
[    7.421740] AppArmor: AppArmor sha1 policy hashing enabled
[    7.448830] ima: No TPM chip found, activating TPM-bypass!
[    7.458368] ima: Allocated hash algorithm: sha1
[    7.468357] evm: HMAC attrs: 0x1
[    7.489018]   Magic number: 11:91:228
[    7.512194]rtc_cmos rc_cmos: settingsystem clok to 2023-02-09 12:14:4 UTC (1675944844)

[    7.650166] BOS EDD facilityv0.16 2004-un-25, 0 devces found
[    7.750332] EDD information not available.
 [    7.753696] Freeing unused kernel memory: 1492K
[    8.263400] Write protecting the kernel read-only data: 14336k
[    8.460929] Freeing unused kernel memory: 1584K
[    8.936826] Freeing unused kernel memory: 52K
Loading, please wait...
starting version[    9.513532] random: systemd-udevd: uninitialized urandom read (16 bytes read, 5 bits of entropy available)
 229
[    9.514052] random: udevadm: uninitialized urandom read (16 bytes read, 5 bits of entropy available)
[    9.514078] random: udevadm: uninitialized urandom read (16 bytes read, 5 bits of entropy available)
[    9.528755] random: udevadm: uninitialized urandom read (16 bytes read, 5 bits of entropy available)
[    9.528869] random: udevadm: uninitialized urandom read (16 bytes read, 5 bits of entropy available)
[    9.529229] random: udevadm: uninitialized urandom read (16 bytes read, 5 bits of entropy available)
[    9.529377] random: udevadm: uninitialized urandom read (16 bytes read, 5 bits of entropy available)
[    9.529525] random: udevadm: uninitialized urandom read (16 bytes read, 5 bits of entropy available)
[    9.529646] random: udevadm: uninitialized urandom read (16 bytes read, 5 bits of entropy available)
[    9.529744] random: udevadm: uninitialized urandom read (16 bytes read, 5 bits of entropy available)
[    9.742082] Fusion MPT base driver 3.04.20
[    9.746184] Copyright (c) 1999-2008 LSI Corporation
[    9.751576] e1000: Intel(R) PRO/1000 Network Driver - version 7.3.21-k8-NAPI
[    9.836014] e1000: Copyright (c) 1999-2006 Intel Corporation.
[    9.912438] Fusion MPT SPI Host driver 3.04.20
[   10.113060] input: ImExPS/2 Generic Explorer Mouse as /devices/platform/i8042/serio1/input/input4
[   10.279064] e1000 0000:00:03.0 eth0: (PCI:33MHz:32-bit) 02:be:82:6b:cc:1d
[   10.284183] e1000 0000:00:03.0 eth0: Intel(R) PRO/1000 Network Connection
[   10.289949] mptbase: ioc0: Initiating bringup
[   10.463215] ioc0: LSI53C1030 A0: Capabilities={Initiator}
[   11.665157] scsi host2: ioc0: LSI53C1030 A0, FwRev=00000000h, Ports=1, MaxQ=256, IRQ=20
[   12.913861] scsi 2:0:0:0: Direct-Access     VBOX     HARDDISK         1.0  PQ: 0 ANSI: 5
[   12.924634] scsi target2:0:0: Beginning Domain Validation
[   12.934883] scsi target2:0:0: Domain Validation skipping write tests
[   12.943395] scsi target2:0:0: Ending Domain Validation
[   12.948490] scsi target2:0:0: asynchronous
[   12.953561] scsi 2:0:1:0: Direct-Access     VBOX     HARDDISK         1.0  PQ: 0 ANSI: 5
[   12.966523] scsi target2:0:1: Beginning Domain Validation
[   12.974324] scsi target2:0:1: Domain Validation skipping write tests
[   12.981795] scsi target2:0:1: Ending Domain Validation
[   12.986944] scsi target2:0:1: asynchronous
[   13.002490] sd 2:0:0:0: Attached scsi generic sg0 type 0
[   13.008572] sd 2:0:1:0: Attached scsi generic sg1 type 0
[   13.009804] sd 2:0:0:0: [sda] 83886080 512-byte logical blocks: (42.9 GB/40.0 GiB)
[   13.009810] sd 2:0:1:0: [sdb] 20480 512-byte logical blocks: (10.5 MB/10.0 MiB)
[   13.009946] sd 2:0:1:0: [sdb] Write Protect is off
[   13.009962] sd 2:0:0:0: [sda] Write Protect is off
[   13.010101] sd 2:0:1:0: [sdb] Incomplete mode parameter data
[   13.010103] sd 2:0:1:0: [sdb] Assuming drive cache: write through
[   13.010116] sd 2:0:0:0: [sda] Incomplete mode parameter data
[   13.010117] sd 2:0:0:0: [sda] Assuming drive cache: write through
[   13.057166]  sda: sda1
[   13.062295] sd 2:0:0:0: [sda] Attached SCSI disk
[   13.064757] sd 2:0:1:0: [sdb] Attached SCSI disk
[   13.301914] e1000 0000:00:08.0 eth1: (PCI:33MHz:32-bit) 08:00:27:8e:4a:8c
[   13.311071] e1000 0000:00:08.0 eth1: Intel(R) PRO/1000 Network Connection
[   13.327185] e1000 0000:00:03.0 enp0s3: renamed from eth0
[   13.350350] e1000 0000:00:08.0 enp0s8: renamed from eth1
Begin: Loading essential drivers ... [   14.861176] md: linear personality registered for level -1
[   14.868775] md: multipath personality registered for level -4
[   14.904093] md: raid0 personality registered for level 0
[   14.919045] md: raid1 personality registered for level 1
[   15.001271] raid6: sse2x1   gen()  7684 MB/s
[   15.085249] raid6: sse2x1   xor()  6140 MB/s
[   15.157508] raid6: sse2x2   gen()  8911 MB/s
[   15.233633] raid6: sse2x2   xor()  7162 MB/s
[   15.309803] raid6: sse2x4   gen() 10861 MB/s
[   15.377230] raid6: sse2x4   xor()  7622 MB/s
[   15.378450] raid6: using algorithm sse2x4 gen() 10861 MB/s
[   15.379978] raid6: .... xor() 7622 MB/s, rmw enabled
[   15.381478] raid6: using ssse3x2 recovery algorithm
[   15.384431] xor: measuring software checksum speed
[   15.433795]    prefetch64-sse: 13714.000 MB/sec
[   15.489501]    generic_sse: 12895.000 MB/sec
[   15.512321] xor: using function: prefetch64-sse (13714.000 MB/sec)
[   15.540511] async_tx: api initialized (async)
[   15.556868] md: raid6 personality registered for level 6
[   15.564238] md: raid5 personality registered for level 5
[   15.579329] md: raid4 personality registered for level 4
[   15.602801] md: raid10 personality registered for level 10
done.
Begin: Running /scripts/init-premount ... done.
Begin: Mounting root file system ... Begin: Running /scripts/local-top ... done.
Begin: Running /scripts/local-premount ... [   15.668819] Btrfs loaded
Scanning for Btrfs filesystems
done.
Warning: fsck not present, so skipping root file[   15.719225] EXT4-fs (sda1): INFO: recovery required on readonly filesystem
 system
[   15.745763] EXT4-fs (sda1): write access will be enabled during recovery
[   15.818578] EXT4-fs (sda1): recovery complete
[   15.821684] EXT4-fs (sda1): mounted filesystem with ordered data mode. Opts: (null)
done.
Begin: Running /scripts/local-bottom ... done.
Begin: Running /scripts/init-bottom ... done.
[   16.011344] systemd[1]: systemd 229 running in system mode. (+PAM +AUDIT +SELINUX +IMA +APPARMOR +SMACK +SYSVINIT +UTMP +LIBCRYPTSETUP +GCRYPT +GNUTLS +ACL +XZ -LZ4 +SECCOMP +BLKID +ELFUTILS +KMOD -IDN)
[   16.037876] systemd[1]: Detected virtualization oracle.
[   16.042569] systemd[1]: Detected architecture x86-64.

Welcome to [1mUbuntu 16.04.7 LTS[0m!

[   16.056782] systemd[1]: Set hostname to <ubuntu-xenial>.
[   16.310662] systemd[1]: Listening on Device-mapper event daemon FIFOs.
[[0;32m  OK  [0m] Listening on Device-mapper event daemon FIFOs.
[   16.340680] systemd[1]: Listening on Journal Socket.
[[0;32m  OK  [0m] Listening on Journal Socket.
[   16.353245] systemd[1]: Listening on udev Kernel Socket.
[[0;32m  OK  [0m] Listening on udev Kernel Socket.
[   16.390132] systemd[1]: Listening on /dev/initctl Compatibility Named Pipe.
[[0;32m  OK  [0m] Listening on /dev/initctl Compatibility Named Pipe.
[   16.430012] systemd[1]: Listening on Journal Audit Socket.
[[0;32m  OK  [0m] Listening on Journal Audit Socket.
[   16.449531] systemd[1]: Listening on Journal Socket (/dev/log).
[[0;32m  OK  [0m] Listening on Journal Socket (/dev/log).
[   16.453790] systemd[1]: Reached target Encrypted Volumes.
[[0;32m  OK  [0m] Reached target Encrypted Volumes.
[   16.458006] systemd[1]: Created slice User and Session Slice.
[[0;32m  OK  [0m] Created slice User and Session Slice.
[   16.468216] systemd[1]: Listening on LVM2 poll daemon socket.
[[0;32m  OK  [0m] Listening on LVM2 poll daemon socket.
[   16.474528] systemd[1]: Reached target User and Group Name Lookups.
[[0;32m  OK  [0m] Reached target User and Group Name Lookups.
[   16.477691] systemd[1]: Reached target System Time Synchronized.
[[0;32m  OK  [0m] Reached target System Time Synchronized.
[   16.517965] systemd[1]: Listening on Syslog Socket.
[[0;32m  OK  [0m] Listening on Syslog Socket.
[   16.530388] systemd[1]: Set up automount Arbitrary Executable File Formats File System Automount Point.
[[0;32m  OK  [0m] Set up automount Arbitrary Executab...ats File System Automount Point.
[   16.546704] systemd[1]: Created slice System Slice.
[[0;32m  OK  [0m] Created slice System Slice.
[   16.565829] systemd[1]: Starting Set console keymap...
         Starting Set console keymap...
[   16.569396] systemd[1]: Mounting Debug File System...
         Mounting Debug File System...
[   16.573166] systemd[1]: Starting Uncomplicated firewall...
         Starting Uncomplicated firewall...
[   16.576466] systemd[1]: Reached target Slices.
[[0;32m  OK  [0m] Reached target Slices.
[   16.580424] systemd[1]: Created slice system-serial\x2dgetty.slice.
[[0;32m  OK  [0m] Created slice system-serial\x2dgetty.slice.
[   16.586228] systemd[1]: Starting Nameserver information manager...
         Starting Nameserver information manager...
[   16.609171] systemd[1]: Starting Load Kernel Modules...
         Starting Load Kernel Modules...
[   16.660855] systemd[1]: Listening on udev Control Socket.
[[0;32m  OK  [0m] Listening on udev Control Socket.
[   16.664546] ip_tables: (C) 2000-2006 Netfilter Core Team
[   16.668676] Loading iSCSI transport class v2.0-870.
[   16.675410] systemd[1]: Listening on fsck to fsckd communication Socket.
[[0;32m  OK  [0m] Listening on fsck to fsckd communication Socket.[   16.687872] nf_conntrack version 0.5.0 (16384 buckets, 65536 max)

[   16.694352] iscsi: registered transport (tcp)
[   16.701501] systemd[1]: Starting Create list of required static device nodes for the current kernel...
         Starting Create list of required st... nodes for the current kernel...
[   16.813484] systemd[1]: Started Trigger resolvconf update for networkd DNS.
[[0;32m  OK  [0m] Started Trigger resolvconf up[   16.832298] ip6_tables: (C) 2000-2006 Netfilter Core Team
date for networkd DNS.
[   16.858750] iscsi: registered transport (iser)
[   16.861753] systemd[1]: Starting Journal Service...
         Starting Journal Service...
[   16.903968] systemd[1]: Starting File System Check on Root Device...
         Starting File System Check on Root Device...
[   16.930437] systemd[1]: Mounting POSIX Message Queue File System...
         Mounting POSIX Message Queue File System...
[   16.944242] systemd[1]: Mounting Huge Pages File System...
         Mounting Huge Pages File System...
[   16.962138] systemd[1]: Reached target Swap.
[[0;32m  OK  [0m] Reached target Swap.
[   16.971861] systemd[1]: Listening on LVM2 metadata daemon socket.
[[0;32m  OK  [0m] Listening on LVM2 metadata daemon socket.
[   17.005652] systemd[1]: Starting Monitoring of LVM2 mirrors, snapshots etc. using dmeventd or progress polling...
         Starting Monitoring of LVM2 mirrors... dmeventd or progress polling...
[   17.028164] systemd[1]: Started Forward Password Requests to Wall Directory Watch.
[[0;32m  OK  [0m] Started Forward Password Requests to Wall Directory Watch.
[   17.076634] systemd[1]: Mounted Huge Pages File System.
[[0;32m  OK  [0m] Mounted Huge Pages File System.
[   17.096327] systemd[1]: Mounted POSIX Message Queue File System.
[[0;32m  OK  [0m] Mounted POSIX Message Queue File System.
[   17.117541] systemd[1]: Mounted Debug File System.
[[0;32m  OK  [0m] Mounted Debug File System.
[   17.138224] systemd[1]: Started Journal Service.
[[0;32m  OK  [0m] Started Journal Service.
[[0;32m  OK  [0m] Started Set console keymap.
[[0;32m  OK  [0m] Started Uncomplicated firewall.
[[0;32m  OK  [0m] Started Load Kernel Modules.[   17.189372] random: nonblocking pool is initialized

[[0;32m  OK  [0m] Started Create list of required sta...ce nodes for the current kernel.
[[0;32m  OK  [0m] Started File System Check on Root Device.
[[0;32m  OK  [0m] Started Nameserver information manager.
[[0;32m  OK  [0m] Started LVM2 metadata daemon.
[[0;32m  OK  [0m] Started File System Check Daemon to report status.
         Starting Remount Root and Kernel File Systems...
         Starting Create Static Device Nodes in /dev...
[   17.294771] EXT4-fs (sda1): re-mounted. Opts: (null)
         Mounting FUSE Control File System...
         Starting Apply Kernel Variables...
[[0;32m  OK  [0m] Mounted FUSE Control File System.
[[0;32m  OK  [0m] Started Remount Root and Kernel File Systems.
[[0;32m  OK  [0m] Started Create Static Device Nodes in /dev.
[[0;32m  OK  [0m] Started Monitoring of LVM2 mirrors,...ng dmeventd or progress polling.
[[0;32m  OK  [0m] Started Apply Kernel Variables.
         Starting udev Kernel Device Manager...
[[0;32m  OK  [0m] Reached target Local File Systems (Pre).
[[0;32m  OK  [0m] Reached target Local File Systems.
         Starting Set console font and keymap...
         Starting Tell Plymouth To Write Out Runtime Data...
         Starting LSB: AppArmor initialization...
         Starting Flush Journal to Persistent Storage...
         Starting Load/Save Random Seed...
         Starting udev Coldplug all Devices...
         Starting Initial cloud-init job (pre-networking)...
[[0;32m  OK  [0m] Started udev Kernel Device Manager.
[[0;32m  OK  [0m] Started Tell Plymouth To Write Out Runtime Data.
[[0;32m  OK  [0m] Started Load/Save Random Seed.
[[0;32m  OK  [0m] Started Flush Journal to Persistent Storage.
         Starting Create Volatile Files and Directories...
[[0;32m  OK  [0m] Started Create Volatile Files and Directories.
         Starting Update UTMP about System Boot/Shutdown...
[[0;32m  OK  [0m] Started udev Coldplug all Devices.
[[0;32m  OK  [0m] Started Dispatch Password Requests to Console Directory Watch.
[[0;32m  OK  [0m] Started Update UTMP about System Boot/Shutdown.
[[0;32m  OK  [0m] Started Set console font and keymap.
[[0;32m  OK  [0m] Created slice system-getty.slice.
[[0;32m  OK  [0m] Started LSB: AppArmor initialization.
         Starting Load AppArmor profiles managed internally by snapd...
[[0;32m  OK  [0m] Started Load AppArmor profiles managed internally by snapd.
[[0;32m  OK  [0m] Found device /dev/ttyS0.
[[0;32m  OK  [0m] Listening on Load/Save RF Kill Switch Status /dev/rfkill Watch.
[[0;32m  OK  [0m] Found device 82540EM Gigabit Ethern...r (PRO/1000 MT Desktop Adapter).
[[0;32m  OK  [0m] Found device 82540EM Gigabit Ethern...r (PRO/1000 MT Desktop Adapter).
[   14.966514] cloud-init[590]: Cloud-init v. 21.1-19-gbad84ad4-0ubuntu1~16.04.2 running 'init-local' at Thu, 09 Feb 2023 12:14:15 +0000. Up 14.61 seconds.
[[0;32m  OK  [0m] Started Initial cloud-init job (pre-networking).
[[0;32m  OK  [0m] Reached target Network (Pre).
[[0;32m  OK  [0m] Started ifup for enp0s8.
         Starting Raise network interfaces...
[[0;32m  OK  [0m] Started ifup for enp0s3.
[[0;32m  OK  [0m] Started Raise network interfaces.
         Starting Initial cloud-init job (metadata service crawler)...
[[0;32m  OK  [0m] Reached target Network.
[   15.997739] cloud-init[1162]: Cloud-init v. 21.1-19-gbad84ad4-0ubuntu1~16.04.2 running 'init' at Thu, 09 Feb 2023 12:14:16 +0000. Up 15.64 seconds.
[   16.016314] cloud-init[1162]: ci-info: ++++++++++++++++++++++++++++++++++++++Net device info+++++++++++++++++++++++++++++++++++++++
[   16.042645] cloud-init[1162]: ci-info: +--------+------+-----------------------------+---------------+--------+-------------------+
[   16.080509] cloud-init[1162]: ci-info: | Device |  Up  |           Address           |      Mask     | Scope  |     Hw-Address    |
[   16.080900] cloud-init[1162]: ci-info: +--------+------+-----------------------------+---------------+--------+-------------------+
[[0;32m  OK  [0m] Started Initial cloud-init job (metadata service crawler).
[   16.081182] cloud-init[1162]: ci-info: | enp0s3 | True |          10.0.2.15          | 255.255.255.0 | global | 02:be:82:6b:cc:1d |
[[0;32m  OK  [0m] Reached target Network is Online.
[   16.187212] cloud-init[1162]: ci-info: | enp0s3 | True |  fe80::be:82ff:fe6b:cc1d/64 |       .       |  link  | 02:be:82:6b:cc:1d |
[   16.351033] cloud-init[1162]: ci-info: | enp0s8 | True |        192.168.33.11        | 255.255.255.0 | global | 08:00:27:8e:4a:8c |
[   16.352036] cloud-init[1162]: ci-info: | enp0s8 | True | fe80::a00:27ff:fe8e:4a8c/64 |       .       |  link  | 08:00:27:8e:4a:8c |
         Starting iSCSI initiator daemon (iscsid)...
[[0;32m  OK  [0m] Reached target Cloud-config availability.
[[0;32m  OK  [0m] Reached target System Initialization.
[   16.353382] cloud-init[1162]: ci-info: |   lo   | True |          127.0.0.1          |   255.0.0.0   |  host  |         .         |
[   16.435243] cloud-init[1162]: ci-info: |   lo   | True |           ::1/128           |       .       |  host  |         .         |
[   16.435823] cloud-init[1162]: ci-info: +--------+------+-----------------------------+---------------+--------+-------------------+
[   16.436173] cloud-init[1162]: ci-info: ++++++++++++++++++++++++++++Route IPv4 info++++++++++++++++++++++++++++
[   16.440722] cloud-init[1162]: ci-info: +-------+--------------+----------+---------------+-----------+-------+
[   16.440980] cloud-init[1162]: ci-info: | Route | Destination  | Gateway  |    Genmask    | Interface | Flags |
[   16.441269] cloud-init[1162]: ci-info: +-------+--------------+----------+---------------+-----------+-------+
[   16.441541] cloud-init[1162]: ci-info: |   0   |   0.0.0.0    | 10.0.2.2 |    0.0.0.0    |   enp0s3  |   UG  |
[   16.441809] cloud-init[1162]: ci-info: |   1   |   10.0.2.0   | 0.0.0.0  | 255.255.255.0 |   enp0s3  |   U   |
[   16.442063] cloud-init[1162]: ci-info: |   2   | 192.168.33.0 | 0.0.0.0  | 255.255.255.0 |   enp0s8  |   U   |
[   16.444156] cloud-init[1162]: ci-info: +-------+--------------+----------+---------------+-----------+-------+
[   16.444380] cloud-init[1162]: ci-info: +++++++++++++++++++Route IPv6 info+++++++++++++++++++
[   16.444682] cloud-init[1162]: ci-info: +-------+-------------+---------+-----------+-------+
[   16.445402] cloud-init[1162]: ci-info: | Route | Destination | Gateway | Interface | Flags |
[   16.448577] cloud-init[1162]: ci-info: +-------+-------------+---------+-----------+-------+
[   16.448841] cloud-init[1162]: ci-info: |   0   |  fe80::/64  |    ::   |   enp0s8  |   U   |
[[0;32m  OK  [0m] Listening on D-Bus System Message Bus Socket.
[   16.452189] cloud-init[1162]: ci-info: |   1   |  fe80::/64  |    ::   |   enp0s3  |   U   |
[   16.466465] cloud-init[1162]: ci-info: |   4   |   ff00::/8  |    ::   |   enp0s8  |   U   |
[   16.468359] cloud-init[1162]: ci-info: |   5   |   ff00::/8  |    ::   |   enp0s3  |   U   |
[   16.468735] cloud-init[1162]: ci-info: +-------+-------------+---------+-----------+-------+
[[0;32m  OK  [0m] Listening on UUID daemon activation socket.
         Starting Socket activation for snappy daemon.
[[0;32m  OK  [0m] Started Message of the Day.
[[0;32m  OK  [0m] Listening on ACPID Listen Socket.
[[0;32m  OK  [0m] Started Daily Cleanup of Temporary Directories.
[[0;32m  OK  [0m] Started Ubuntu Advantage update messaging.
         Starting LXD - unix socket.
[[0;32m  OK  [0m] Started Daily apt download activities.
[[0;32m  OK  [0m] Started ACPI Events Check.
[[0;32m  OK  [0m] Reached target Paths.
[[0;32m  OK  [0m] Started Daily apt upgrade and clean activities.
[[0;32m  OK  [0m] Reached target Timers.
[[0;32m  OK  [0m] Listening on Socket activation for snappy daemon.
[[0;32m  OK  [0m] Listening on LXD - unix socket.
[[0;32m  OK  [0m] Started iSCSI initiator daemon (iscsid).
         Starting Login to default iSCSI targets...
[[0;32m  OK  [0m] Reached target Sockets.
[[0;32m  OK  [0m] Reached target Basic System.
[[0;32m  OK  [0m] Started Regular background program processing daemon.
         Starting LSB: MD monitoring daemon...
         Starting /etc/rc.local Compatibility...
[[0;32m  OK  [0m] Started D-Bus System Message Bus.
[[0;32m  OK  [0m] Started FUSE filesystem for LXC.
         Starting The PHP 7.0 FastCGI Process Manager...
         Starting A high performance web server and a reverse proxy server...
[[0;32m  OK  [0m] Started Deferred execution scheduler.
         Starting Login Service...
         Starting MySQL Community Server...
         Starting LXD - container startup/shutdown...
         Starting OpenBSD Secure Shell server...
         Starting LSB: Record successful boot for GRUB...
         Starting Virtualbox guest utils...
[[0;32m  OK  [0m] Started ACPI event daemon.
         Starting System Logging Service...
         Starting Accounts Service...
         Starting Snap Daemon...
[[0;32m  OK  [0m] Started /etc/rc.local Compatibility.
[[0;32m  OK  [0m] Started System Logging Service.
[[0;32m  OK  [0m] Started OpenBSD Secure Shell server.
[[0;32m  OK  [0m] Started Login Service.
[[0;32m  OK  [0m] Started Unattended Upgrades Shutdown.
[[0;32m  OK  [0m] Started LSB: Record successful boot for GRUB.
[[0;32m  OK  [0m] Started Login to default iSCSI targets.
[[0;32m  OK  [0m] Reached target Remote File Systems (Pre).
         Mounting /vagrant...
         Mounting /home/vagrant/www...
[[0;32m  OK  [0m] Started LSB: MD monitoring daemon.
[[0;1;31mFAILED[0m] Failed to mount /vagrant.
See 'systemctl status vagrant.mount' for details.
[[0;1;33mDEPEND[0m] Dependency failed for Remote File Systems.
[[0;1;31mFAILED[0m] Failed to mount /home/vagrant/www.
See 'systemctl status home-vagrant-www.mount' for details.
[[0;32m  OK  [0m] Started A high performance web server and a reverse proxy server.
         Starting Authenticate and Authorize Users to Run Privileged Tasks...
         Starting LSB: Set the CPU Frequency Scaling governor to "ondemand"...
         Starting LSB: daemon to balance interrupts for SMP systems...
         Starting Permit User Sessions...
         Starting LSB: automatic crash report generation...
[[0;32m  OK  [0m] Started LXD - container startup/shutdown.
[[0;32m  OK  [0m] Started Permit User Sessions.
[[0;32m  OK  [0m] Started Virtualbox guest utils.
         Starting Terminate Plymouth Boot Screen...
         Starting Hold until boot process finishes up...
[[0;32m  OK  [0m] Started LSB: Set the CPU Frequency Scaling governor to "ondemand".
[[0;32m  OK  [0m] Started LSB: daemon to balance interrupts for SMP systems.
[[0;32m  OK  [0m] Started Terminate Plymouth Boot Screen.
[[0;32m  OK  [0m] Started Hold until boot process finishes up.
[[0;32m  OK  [0m] Started Authenticate and Authorize Users to Run Privileged Tasks.
[[0;32m  OK  [0m] Started Accounts Service.
[[0;32m  OK  [0m] Started Getty on tty1.
[[0;32m  OK  [0m] Started Serial Getty on ttyS0.
[[0;32m  OK  [0m] Reached target Login Prompts.
         Starting Set console scheme...
[[0;32m  OK  [0m] Started LSB: automatic crash report generation.
[[0;32m  OK  [0m] Started Set console scheme.
[[0;32m  OK  [0m] Started Snap Daemon.
         Starting Wait until snapd is fully seeded...
[[0;32m  OK  [0m] Started Wait until snapd is fully seeded.
         Starting Apply the settings specified in cloud-config...
[[0;32m  OK  [0m] Started The PHP 7.0 FastCGI Process Manager.
[   19.328810] cloud-init[1470]: Cloud-init v. 21.1-19-gbad84ad4-0ubuntu1~16.04.2 running 'modules:config' at Thu, 09 Feb 2023 12:14:20 +0000. Up 19.20 seconds.
[[0;32m  OK  [0m] Started Apply the settings specified in cloud-config.
[[0;32m  OK  [0m] Started MySQL Community Server.
[[0;32m  OK  [0m] Reached target Multi-User System.
[[0;32m  OK  [0m] Reached target Graphical Interface.
         Starting Update UTMP about System Runlevel Changes...
         Starting Execute cloud user/final scripts...
[[0;32m  OK  [0m] Started Update UTMP about System Runlevel Changes.
[   20.569113] cloud-init[1512]: Cloud-init v. 21.1-19-gbad84ad4-0ubuntu1~16.04.2 running 'modules:final' at Thu, 09 Feb 2023 12:14:21 +0000. Up 20.43 seconds.
[[0;32m  OK  [0m] Started Execute cloud user/final scripts.
[[0;32m  OK  [0m] Reached target Cloud-init target.
[   20.616892] cloud-init[1512]: Cloud-init v. 21.1-19-gbad84ad4-0ubuntu1~16.04.2 finished at Thu, 09 Feb 2023 12:14:21 +0000. Datasource DataSourceNoCloud [seed=/dev/sdb][dsmode=net].  Up 20.56 seconds

Ubuntu 16.04.7 LTS ubuntu-xenial ttyS0

ubuntu-xenial login: 